<?xml version="1.0" encoding="UTF-8"?>
<!-- Generated by org.testng.reporters.JUnitXMLReporter -->
<testsuite ignored="0" hostname="QAW2019RRA10" failures="1" tests="3" name="Error Test" time="28.333" errors="0" timestamp="2023-04-02T11:25:29 UTC">
  <testcase classname="POM_Maven.tests.ErrorTest" name="ErrorVerify" time="1.097">
    <skipped/>
  </testcase> <!-- ErrorVerify -->
  <testcase classname="POM_Maven.tests.ErrorTest" name="ErrorVerify" time="0.96">
    <failure type="java.lang.AssertionError" message="expected:&amp;lt;Incorrect email or password.&amp;gt; but was:&amp;lt;Incorrect email o password.&amp;gt;">
      <![CDATA[java.lang.AssertionError: expected:<Incorrect email or password.> but was:<Incorrect email o password.>
at POM_Maven.tests.ErrorTest.ErrorVerify(ErrorTest.java:22)
at java.base/java.util.ArrayList.forEach(ArrayList.java:1511)
at java.base/java.util.concurrent.FutureTask.run(FutureTask.java:264)
at java.base/java.util.concurrent.ThreadPoolExecutor.runWorker(ThreadPoolExecutor.java:1136)
at java.base/java.util.concurrent.ThreadPoolExecutor$Worker.run(ThreadPoolExecutor.java:635)
at java.base/java.lang.Thread.run(Thread.java:833)
... Removed 19 stack frames]]>
    </failure>
  </testcase> <!-- ErrorVerify -->
  <testcase classname="POM_Maven.tests.ErrorTest" name="ProductErrorValidation" time="3.803"/>
</testsuite> <!-- Error Test -->
