<?xml version="1.0" encoding="UTF-8"?>
<testng-results retried="1" ignored="0" total="6" passed="4" failed="1" skipped="0">
  <reporter-output>
  </reporter-output>
  <suite started-at="2023-04-02T11:25:00 UTC" name="Suite" finished-at="2023-04-02T11:25:35 UTC" duration-ms="35325">
    <groups>
      <group name="Purchase">
        <method signature="StandAloneTest.submitLogin(java.util.HashMap)[pri:0, instance:POM_Maven.tests.StandAloneTest@7ae0a9ec]" name="submitLogin" class="POM_Maven.tests.StandAloneTest"/>
      </group> <!-- Purchase -->
    </groups>
    <test started-at="2023-04-02T11:25:00 UTC" name="Error Test" finished-at="2023-04-02T11:25:28 UTC" duration-ms="28333">
      <class name="POM_Maven.tests.ErrorTest">
        <test-method is-config="true" signature="LaunchAppliction()[pri:0, instance:POM_Maven.tests.ErrorTest@3932c79a]" started-at="2023-04-02T11:25:00 UTC" name="LaunchAppliction" finished-at="2023-04-02T11:25:08 UTC" duration-ms="8798" status="PASS">
          <reporter-output>
          </reporter-output>
        </test-method> <!-- LaunchAppliction -->
        <test-method retried="true" signature="ErrorVerify()[pri:0, instance:POM_Maven.tests.ErrorTest@3932c79a]" started-at="2023-04-02T11:25:08 UTC" name="ErrorVerify" finished-at="2023-04-02T11:25:10 UTC" duration-ms="1097" status="SKIP">
          <exception class="java.lang.AssertionError">
            <message>
              <![CDATA[expected:<Incorrect email or password.> but was:<Incorrect email o password.>]]>
            </message>
            <full-stacktrace>
              <![CDATA[java.lang.AssertionError: expected:<Incorrect email or password.> but was:<Incorrect email o password.>
at org.testng.AssertJUnit.assertEquals(AssertJUnit.java:115)
at org.testng.AssertJUnit.assertEquals(AssertJUnit.java:125)
at POM_Maven.tests.ErrorTest.ErrorVerify(ErrorTest.java:22)
at java.base/jdk.internal.reflect.NativeMethodAccessorImpl.invoke0(Native Method)
at java.base/jdk.internal.reflect.NativeMethodAccessorImpl.invoke(NativeMethodAccessorImpl.java:77)
at java.base/jdk.internal.reflect.DelegatingMethodAccessorImpl.invoke(DelegatingMethodAccessorImpl.java:43)
at java.base/java.lang.reflect.Method.invoke(Method.java:568)
at org.testng.internal.invokers.MethodInvocationHelper.invokeMethod(MethodInvocationHelper.java:139)
at org.testng.internal.invokers.TestInvoker.invokeMethod(TestInvoker.java:677)
at org.testng.internal.invokers.TestInvoker.invokeTestMethod(TestInvoker.java:221)
at org.testng.internal.invokers.MethodRunner.runInSequence(MethodRunner.java:50)
at org.testng.internal.invokers.TestInvoker$MethodInvocationAgent.invoke(TestInvoker.java:962)
at org.testng.internal.invokers.TestInvoker.invokeTestMethods(TestInvoker.java:194)
at org.testng.internal.invokers.TestMethodWorker.invokeTestMethods(TestMethodWorker.java:148)
at org.testng.internal.invokers.TestMethodWorker.run(TestMethodWorker.java:128)
at java.base/java.util.ArrayList.forEach(ArrayList.java:1511)
at org.testng.TestRunner.privateRun(TestRunner.java:806)
at org.testng.TestRunner.run(TestRunner.java:601)
at org.testng.SuiteRunner.runTest(SuiteRunner.java:433)
at org.testng.SuiteRunner$SuiteWorker.run(SuiteRunner.java:471)
at org.testng.internal.thread.ThreadUtil.lambda$execute$0(ThreadUtil.java:58)
at java.base/java.util.concurrent.FutureTask.run(FutureTask.java:264)
at java.base/java.util.concurrent.ThreadPoolExecutor.runWorker(ThreadPoolExecutor.java:1136)
at java.base/java.util.concurrent.ThreadPoolExecutor$Worker.run(ThreadPoolExecutor.java:635)
at java.base/java.lang.Thread.run(Thread.java:833)
]]>
            </full-stacktrace>
          </exception> <!-- java.lang.AssertionError -->
          <reporter-output>
          </reporter-output>
        </test-method> <!-- ErrorVerify -->
        <test-method is-config="true" signature="CloseBrowser()[pri:0, instance:POM_Maven.tests.ErrorTest@3932c79a]" started-at="2023-04-02T11:25:10 UTC" name="CloseBrowser" finished-at="2023-04-02T11:25:10 UTC" duration-ms="682" status="PASS">
          <reporter-output>
          </reporter-output>
        </test-method> <!-- CloseBrowser -->
        <test-method is-config="true" signature="LaunchAppliction()[pri:0, instance:POM_Maven.tests.ErrorTest@3932c79a]" started-at="2023-04-02T11:25:10 UTC" name="LaunchAppliction" finished-at="2023-04-02T11:25:16 UTC" duration-ms="5802" status="PASS">
          <reporter-output>
          </reporter-output>
        </test-method> <!-- LaunchAppliction -->
        <test-method signature="ErrorVerify()[pri:0, instance:POM_Maven.tests.ErrorTest@3932c79a]" started-at="2023-04-02T11:25:16 UTC" name="ErrorVerify" finished-at="2023-04-02T11:25:17 UTC" duration-ms="960" status="FAIL">
          <exception class="java.lang.AssertionError">
            <message>
              <![CDATA[expected:<Incorrect email or password.> but was:<Incorrect email o password.>]]>
            </message>
            <full-stacktrace>
              <![CDATA[java.lang.AssertionError: expected:<Incorrect email or password.> but was:<Incorrect email o password.>
at org.testng.AssertJUnit.assertEquals(AssertJUnit.java:115)
at org.testng.AssertJUnit.assertEquals(AssertJUnit.java:125)
at POM_Maven.tests.ErrorTest.ErrorVerify(ErrorTest.java:22)
at java.base/jdk.internal.reflect.NativeMethodAccessorImpl.invoke0(Native Method)
at java.base/jdk.internal.reflect.NativeMethodAccessorImpl.invoke(NativeMethodAccessorImpl.java:77)
at java.base/jdk.internal.reflect.DelegatingMethodAccessorImpl.invoke(DelegatingMethodAccessorImpl.java:43)
at java.base/java.lang.reflect.Method.invoke(Method.java:568)
at org.testng.internal.invokers.MethodInvocationHelper.invokeMethod(MethodInvocationHelper.java:139)
at org.testng.internal.invokers.TestInvoker.invokeMethod(TestInvoker.java:677)
at org.testng.internal.invokers.TestInvoker.retryFailed(TestInvoker.java:263)
at org.testng.internal.invokers.MethodRunner.runInSequence(MethodRunner.java:62)
at org.testng.internal.invokers.TestInvoker$MethodInvocationAgent.invoke(TestInvoker.java:962)
at org.testng.internal.invokers.TestInvoker.invokeTestMethods(TestInvoker.java:194)
at org.testng.internal.invokers.TestMethodWorker.invokeTestMethods(TestMethodWorker.java:148)
at org.testng.internal.invokers.TestMethodWorker.run(TestMethodWorker.java:128)
at java.base/java.util.ArrayList.forEach(ArrayList.java:1511)
at org.testng.TestRunner.privateRun(TestRunner.java:806)
at org.testng.TestRunner.run(TestRunner.java:601)
at org.testng.SuiteRunner.runTest(SuiteRunner.java:433)
at org.testng.SuiteRunner$SuiteWorker.run(SuiteRunner.java:471)
at org.testng.internal.thread.ThreadUtil.lambda$execute$0(ThreadUtil.java:58)
at java.base/java.util.concurrent.FutureTask.run(FutureTask.java:264)
at java.base/java.util.concurrent.ThreadPoolExecutor.runWorker(ThreadPoolExecutor.java:1136)
at java.base/java.util.concurrent.ThreadPoolExecutor$Worker.run(ThreadPoolExecutor.java:635)
at java.base/java.lang.Thread.run(Thread.java:833)
]]>
            </full-stacktrace>
          </exception> <!-- java.lang.AssertionError -->
          <reporter-output>
          </reporter-output>
        </test-method> <!-- ErrorVerify -->
        <test-method is-config="true" signature="CloseBrowser()[pri:0, instance:POM_Maven.tests.ErrorTest@3932c79a]" started-at="2023-04-02T11:25:18 UTC" name="CloseBrowser" finished-at="2023-04-02T11:25:18 UTC" duration-ms="302" status="PASS">
          <reporter-output>
          </reporter-output>
        </test-method> <!-- CloseBrowser -->
        <test-method is-config="true" signature="LaunchAppliction()[pri:0, instance:POM_Maven.tests.ErrorTest@3932c79a]" started-at="2023-04-02T11:25:18 UTC" name="LaunchAppliction" finished-at="2023-04-02T11:25:24 UTC" duration-ms="5754" status="PASS">
          <reporter-output>
          </reporter-output>
        </test-method> <!-- LaunchAppliction -->
        <test-method signature="ProductErrorValidation()[pri:0, instance:POM_Maven.tests.ErrorTest@3932c79a]" started-at="2023-04-02T11:25:24 UTC" name="ProductErrorValidation" finished-at="2023-04-02T11:25:28 UTC" duration-ms="3803" status="PASS">
          <reporter-output>
          </reporter-output>
        </test-method> <!-- ProductErrorValidation -->
        <test-method is-config="true" signature="CloseBrowser()[pri:0, instance:POM_Maven.tests.ErrorTest@3932c79a]" started-at="2023-04-02T11:25:28 UTC" name="CloseBrowser" finished-at="2023-04-02T11:25:28 UTC" duration-ms="248" status="PASS">
          <reporter-output>
          </reporter-output>
        </test-method> <!-- CloseBrowser -->
      </class> <!-- POM_Maven.tests.ErrorTest -->
    </test> <!-- Error Test -->
    <test started-at="2023-04-02T11:25:00 UTC" name="TestSubmit" finished-at="2023-04-02T11:25:35 UTC" duration-ms="35325">
      <class name="POM_Maven.tests.StandAloneTest">
        <test-method is-config="true" signature="LaunchAppliction()[pri:0, instance:POM_Maven.tests.StandAloneTest@7ae0a9ec]" started-at="2023-04-02T11:25:01 UTC" name="LaunchAppliction" finished-at="2023-04-02T11:25:09 UTC" duration-ms="8510" status="PASS">
          <reporter-output>
          </reporter-output>
        </test-method> <!-- LaunchAppliction -->
        <test-method signature="submitLogin(java.util.HashMap)[pri:0, instance:POM_Maven.tests.StandAloneTest@7ae0a9ec]" started-at="2023-04-02T11:25:09 UTC" name="submitLogin" data-provider="getData" finished-at="2023-04-02T11:25:18 UTC" duration-ms="8639" status="PASS">
          <params>
            <param index="0">
              <value>
                <![CDATA[{password=Sam@12345, email=rrana@learn.com, productName=ADIDAS ORIGINAL}]]>
              </value>
            </param>
          </params>
          <reporter-output>
          </reporter-output>
        </test-method> <!-- submitLogin -->
        <test-method is-config="true" signature="CloseBrowser()[pri:0, instance:POM_Maven.tests.StandAloneTest@7ae0a9ec]" started-at="2023-04-02T11:25:18 UTC" name="CloseBrowser" finished-at="2023-04-02T11:25:18 UTC" duration-ms="722" status="PASS">
          <reporter-output>
          </reporter-output>
        </test-method> <!-- CloseBrowser -->
        <test-method is-config="true" signature="LaunchAppliction()[pri:0, instance:POM_Maven.tests.StandAloneTest@7ae0a9ec]" started-at="2023-04-02T11:25:18 UTC" name="LaunchAppliction" finished-at="2023-04-02T11:25:25 UTC" duration-ms="6120" status="PASS">
          <reporter-output>
          </reporter-output>
        </test-method> <!-- LaunchAppliction -->
        <test-method signature="submitLogin(java.util.HashMap)[pri:0, instance:POM_Maven.tests.StandAloneTest@7ae0a9ec]" started-at="2023-04-02T11:25:25 UTC" name="submitLogin" data-provider="getData" finished-at="2023-04-02T11:25:30 UTC" duration-ms="5215" status="PASS">
          <params>
            <param index="0">
              <value>
                <![CDATA[{password=Sam@12345, email=rrana1@learn.com, productName=ZARA COAT 3}]]>
              </value>
            </param>
          </params>
          <reporter-output>
          </reporter-output>
        </test-method> <!-- submitLogin -->
        <test-method is-config="true" signature="CloseBrowser()[pri:0, instance:POM_Maven.tests.StandAloneTest@7ae0a9ec]" started-at="2023-04-02T11:25:30 UTC" name="CloseBrowser" finished-at="2023-04-02T11:25:30 UTC" duration-ms="169" status="PASS">
          <reporter-output>
          </reporter-output>
        </test-method> <!-- CloseBrowser -->
        <test-method is-config="true" signature="LaunchAppliction()[pri:0, instance:POM_Maven.tests.StandAloneTest@7ae0a9ec]" started-at="2023-04-02T11:25:30 UTC" name="LaunchAppliction" finished-at="2023-04-02T11:25:34 UTC" duration-ms="3934" status="PASS">
          <reporter-output>
          </reporter-output>
        </test-method> <!-- LaunchAppliction -->
        <test-method signature="VerifyOrders()[pri:0, instance:POM_Maven.tests.StandAloneTest@7ae0a9ec]" started-at="2023-04-02T11:25:34 UTC" name="VerifyOrders" finished-at="2023-04-02T11:25:35 UTC" depends-on-methods="POM_Maven.tests.StandAloneTest.submitLogin" duration-ms="860" status="PASS">
          <reporter-output>
          </reporter-output>
        </test-method> <!-- VerifyOrders -->
        <test-method is-config="true" signature="CloseBrowser()[pri:0, instance:POM_Maven.tests.StandAloneTest@7ae0a9ec]" started-at="2023-04-02T11:25:35 UTC" name="CloseBrowser" finished-at="2023-04-02T11:25:35 UTC" duration-ms="163" status="PASS">
          <reporter-output>
          </reporter-output>
        </test-method> <!-- CloseBrowser -->
      </class> <!-- POM_Maven.tests.StandAloneTest -->
    </test> <!-- TestSubmit -->
  </suite> <!-- Suite -->
</testng-results>
